                              1 ;--------------------------------------------------------
                              2 ; File Created by SDCC : free open source ANSI-C Compiler
                              3 ; Version 3.4.0 #8981 (Apr  5 2014) (MINGW64)
                              4 ; This file was generated Tue Dec 23 16:42:33 2014
                              5 ;--------------------------------------------------------
                              6 	.module printf
                              7 	.optsdcc -mz80
                              8 	
                              9 ;--------------------------------------------------------
                             10 ; Public variables in this module
                             11 ;--------------------------------------------------------
                             12 	.globl _printf
                             13 	.globl _lprintf
                             14 ;--------------------------------------------------------
                             15 ; special function registers
                             16 ;--------------------------------------------------------
                             17 ;--------------------------------------------------------
                             18 ; ram data
                             19 ;--------------------------------------------------------
                             20 	.area _DATA
                             21 ;--------------------------------------------------------
                             22 ; ram data
                             23 ;--------------------------------------------------------
                             24 	.area _INITIALIZED
                             25 ;--------------------------------------------------------
                             26 ; absolute external ram data
                             27 ;--------------------------------------------------------
                             28 	.area _DABS (ABS)
                             29 ;--------------------------------------------------------
                             30 ; global & static initialisations
                             31 ;--------------------------------------------------------
                             32 	.area _HOME
                             33 	.area _GSINIT
                             34 	.area _GSFINAL
                             35 	.area _GSINIT
                             36 ;--------------------------------------------------------
                             37 ; Home
                             38 ;--------------------------------------------------------
                             39 	.area _HOME
                             40 	.area _HOME
                             41 ;--------------------------------------------------------
                             42 ; code
                             43 ;--------------------------------------------------------
                             44 	.area _CODE
                             45 ;mz80_lib\src\stdio\printf.c:3: unsigned char printf(const char * form, ...){
                             46 ;	---------------------------------
                             47 ; Function printf
                             48 ; ---------------------------------
   0000                      49 _printf_start::
   0000                      50 _printf:
                             51 ;mz80_lib\src\stdio\printf.c:5: }
   0000 C9            [10]   52 	ret
   0001                      53 _printf_end::
                             54 ;mz80_lib\src\stdio\printf.c:6: unsigned char lprintf(const char * form, ...){
                             55 ;	---------------------------------
                             56 ; Function lprintf
                             57 ; ---------------------------------
   0001                      58 _lprintf_start::
   0001                      59 _lprintf:
                             60 ;mz80_lib\src\stdio\printf.c:8: }
   0001 C9            [10]   61 	ret
   0002                      62 _lprintf_end::
                             63 	.area _CODE
                             64 	.area _INITIALIZER
                             65 	.area _CABS (ABS)
