                              1 ;--------------------------------------------------------
                              2 ; File Created by SDCC : free open source ANSI-C Compiler
                              3 ; Version 3.4.0 #8981 (Apr  5 2014) (MINGW64)
                              4 ; This file was generated Tue Dec 23 18:07:57 2014
                              5 ;--------------------------------------------------------
                              6 	.module main
                              7 	.optsdcc -mz80
                              8 	
                              9 ;--------------------------------------------------------
                             10 ; Public variables in this module
                             11 ;--------------------------------------------------------
                             12 	.globl _main
                             13 	.globl _puts
                             14 	.globl _lcd_print_str
                             15 	.globl _init
                             16 	.globl _strcpy
                             17 ;--------------------------------------------------------
                             18 ; special function registers
                             19 ;--------------------------------------------------------
                             20 ;--------------------------------------------------------
                             21 ; ram data
                             22 ;--------------------------------------------------------
                             23 	.area _DATA
                             24 ;--------------------------------------------------------
                             25 ; ram data
                             26 ;--------------------------------------------------------
                             27 	.area _INITIALIZED
                             28 ;--------------------------------------------------------
                             29 ; absolute external ram data
                             30 ;--------------------------------------------------------
                             31 	.area _DABS (ABS)
                             32 ;--------------------------------------------------------
                             33 ; global & static initialisations
                             34 ;--------------------------------------------------------
                             35 	.area _HOME
                             36 	.area _GSINIT
                             37 	.area _GSFINAL
                             38 	.area _GSINIT
                             39 ;--------------------------------------------------------
                             40 ; Home
                             41 ;--------------------------------------------------------
                             42 	.area _HOME
                             43 	.area _HOME
                             44 ;--------------------------------------------------------
                             45 ; code
                             46 ;--------------------------------------------------------
                             47 	.area _CODE
                             48 ;main.c:10: void main(){
                             49 ;	---------------------------------
                             50 ; Function main
                             51 ; ---------------------------------
   0000                      52 _main_start::
   0000                      53 _main:
                             54 ;main.c:13: init();
   0000 CDr00r00      [17]   55 	call	_init
                             56 ;main.c:15: strcpy(str,"COPIED");
   0003 21r1Fr00      [10]   57 	ld	hl,#___str_0
   0006 E5            [11]   58 	push	hl
   0007 21 00 20      [10]   59 	ld	hl,#0x2000
   000A E5            [11]   60 	push	hl
   000B CDr00r00      [17]   61 	call	_strcpy
   000E F1            [10]   62 	pop	af
                             63 ;main.c:16: puts("testa");
   000F 21r26r00      [10]   64 	ld	hl, #___str_1
   0012 E3            [19]   65 	ex	(sp),hl
   0013 CDr00r00      [17]   66 	call	_puts
                             67 ;main.c:17: lcd_print_str("teste");
   0016 21r2Cr00      [10]   68 	ld	hl, #___str_2
   0019 E3            [19]   69 	ex	(sp),hl
   001A CDr00r00      [17]   70 	call	_lcd_print_str
   001D F1            [10]   71 	pop	af
   001E C9            [10]   72 	ret
   001F                      73 _main_end::
   001F                      74 ___str_0:
   001F 43 4F 50 49 45 44    75 	.ascii "COPIED"
   0025 00                   76 	.db 0x00
   0026                      77 ___str_1:
   0026 74 65 73 74 61       78 	.ascii "testa"
   002B 00                   79 	.db 0x00
   002C                      80 ___str_2:
   002C 74 65 73 74 65       81 	.ascii "teste"
   0031 00                   82 	.db 0x00
                             83 	.area _CODE
                             84 	.area _INITIALIZER
                             85 	.area _CABS (ABS)
