                              1 ;--------------------------------------------------------
                              2 ; File Created by SDCC : free open source ANSI-C Compiler
                              3 ; Version 3.4.0 #8981 (Apr  5 2014) (MINGW64)
                              4 ; This file was generated Tue Dec 23 03:03:11 2014
                              5 ;--------------------------------------------------------
                              6 	.module heap
                              7 	.optsdcc -mz80
                              8 	
                              9 ;--------------------------------------------------------
                             10 ; Public variables in this module
                             11 ;--------------------------------------------------------
                             12 	.globl _global_base
                             13 	.globl _heap_head
                             14 	.globl _HEAP
                             15 	.globl _sbrk
                             16 ;--------------------------------------------------------
                             17 ; special function registers
                             18 ;--------------------------------------------------------
                             19 ;--------------------------------------------------------
                             20 ; ram data
                             21 ;--------------------------------------------------------
                             22 	.area _DATA
   0000                      23 _HEAP::
   0000                      24 	.ds 1024
                             25 ;--------------------------------------------------------
                             26 ; ram data
                             27 ;--------------------------------------------------------
                             28 	.area _INITIALIZED
   0000                      29 _heap_head::
   0000                      30 	.ds 2
   0002                      31 _global_base::
   0002                      32 	.ds 2
                             33 ;--------------------------------------------------------
                             34 ; absolute external ram data
                             35 ;--------------------------------------------------------
                             36 	.area _DABS (ABS)
                             37 ;--------------------------------------------------------
                             38 ; global & static initialisations
                             39 ;--------------------------------------------------------
                             40 	.area _HOME
                             41 	.area _GSINIT
                             42 	.area _GSFINAL
                             43 	.area _GSINIT
                             44 ;--------------------------------------------------------
                             45 ; Home
                             46 ;--------------------------------------------------------
                             47 	.area _HOME
                             48 	.area _HOME
                             49 ;--------------------------------------------------------
                             50 ; code
                             51 ;--------------------------------------------------------
                             52 	.area _CODE
                             53 ;mz80_lib\src\memory\heap.c:11: void * sbrk(size_t size_incr){
                             54 ;	---------------------------------
                             55 ; Function sbrk
                             56 ; ---------------------------------
   0000                      57 _sbrk_start::
   0000                      58 _sbrk:
                             59 ;mz80_lib\src\memory\heap.c:12: void * tmp = &HEAP[heap_head];
   0000 11r00r00      [10]   60 	ld	de,#_HEAP+0
   0003 2Ar00r00      [16]   61 	ld	hl,(_heap_head)
   0006 19            [11]   62 	add	hl,de
   0007 55            [ 4]   63 	ld	d,l
   0008 5C            [ 4]   64 	ld	e,h
                             65 ;mz80_lib\src\memory\heap.c:13: heap_head += size_incr;
   0009 ED 4Br00r00   [20]   66 	ld	bc,(_heap_head)
   000D 79            [ 4]   67 	ld	a,c
   000E 21 02 00      [10]   68 	ld	hl,#2
   0011 39            [11]   69 	add	hl,sp
   0012 FD 21r00r00   [14]   70 	ld	iy,#_heap_head
   0016 86            [ 7]   71 	add	a, (hl)
   0017 FD 77 00      [19]   72 	ld	0 (iy),a
   001A 78            [ 4]   73 	ld	a,b
   001B 23            [ 6]   74 	inc	hl
   001C 8E            [ 7]   75 	adc	a, (hl)
   001D FD 23         [10]   76 	inc	iy
   001F FD 77 00      [19]   77 	ld	0 (iy),a
                             78 ;mz80_lib\src\memory\heap.c:14: return tmp;
   0022 6A            [ 4]   79 	ld	l, d
   0023 63            [ 4]   80 	ld	h, e
   0024 C9            [10]   81 	ret
   0025                      82 _sbrk_end::
                             83 	.area _CODE
                             84 	.area _INITIALIZER
   0000                      85 __xinit__heap_head:
   0000 00 00                86 	.dw #0x0000
   0002                      87 __xinit__global_base:
   0002 00 00                88 	.dw #0x0000
                             89 	.area _CABS (ABS)
