                              1 ;--------------------------------------------------------
                              2 ; File Created by SDCC : free open source ANSI-C Compiler
                              3 ; Version 3.4.0 #8981 (Apr  5 2014) (MINGW64)
                              4 ; This file was generated Tue Dec 23 17:39:56 2014
                              5 ;--------------------------------------------------------
                              6 	.module div
                              7 	.optsdcc -mz80
                              8 	
                              9 ;--------------------------------------------------------
                             10 ; Public variables in this module
                             11 ;--------------------------------------------------------
                             12 	.globl _div
                             13 ;--------------------------------------------------------
                             14 ; special function registers
                             15 ;--------------------------------------------------------
                             16 ;--------------------------------------------------------
                             17 ; ram data
                             18 ;--------------------------------------------------------
                             19 	.area _DATA
                             20 ;--------------------------------------------------------
                             21 ; ram data
                             22 ;--------------------------------------------------------
                             23 	.area _INITIALIZED
                             24 ;--------------------------------------------------------
                             25 ; absolute external ram data
                             26 ;--------------------------------------------------------
                             27 	.area _DABS (ABS)
                             28 ;--------------------------------------------------------
                             29 ; global & static initialisations
                             30 ;--------------------------------------------------------
                             31 	.area _HOME
                             32 	.area _GSINIT
                             33 	.area _GSFINAL
                             34 	.area _GSINIT
                             35 ;--------------------------------------------------------
                             36 ; Home
                             37 ;--------------------------------------------------------
                             38 	.area _HOME
                             39 	.area _HOME
                             40 ;--------------------------------------------------------
                             41 ; code
                             42 ;--------------------------------------------------------
                             43 	.area _CODE
                             44 ;mz80_lib\src\std\stdlib\math\div.c:3: unsigned char div(unsigned char x,unsigned char y){
                             45 ;	---------------------------------
                             46 ; Function div
                             47 ; ---------------------------------
   0000                      48 _div_start::
   0000                      49 _div:
                             50 ;mz80_lib\src\std\stdlib\math\div.c:5: _x = x,
   0000 21 02 00      [10]   51 	ld	hl, #2+0
   0003 39            [11]   52 	add	hl, sp
   0004 56            [ 7]   53 	ld	d, (hl)
                             54 ;mz80_lib\src\std\stdlib\math\div.c:6: _y = y;
   0005 21 03 00      [10]   55 	ld	hl, #3+0
   0008 39            [11]   56 	add	hl, sp
   0009 5E            [ 7]   57 	ld	e, (hl)
                             58 ;mz80_lib\src\std\stdlib\math\div.c:8: while(_x>=_y){
   000A 06 00         [ 7]   59 	ld	b,#0x00
   000C                      60 00101$:
                             61 ;mz80_lib\src\std\stdlib\math\div.c:9: _x-=_y;
   000C 7A            [ 4]   62 	ld	a,d
   000D BB            [ 4]   63 	cp	a,e
   000E 38 05         [12]   64 	jr	C,00103$
   0010 93            [ 4]   65 	sub	a, e
   0011 57            [ 4]   66 	ld	d,a
                             67 ;mz80_lib\src\std\stdlib\math\div.c:10: quo++;
   0012 04            [ 4]   68 	inc	b
   0013 18 F7         [12]   69 	jr	00101$
   0015                      70 00103$:
                             71 ;mz80_lib\src\std\stdlib\math\div.c:12: return quo;
   0015 68            [ 4]   72 	ld	l,b
   0016 C9            [10]   73 	ret
   0017                      74 _div_end::
                             75 	.area _CODE
                             76 	.area _INITIALIZER
                             77 	.area _CABS (ABS)
